<?xml version="1.0" encoding="UTF-8"?>
<!-- Generated by org.testng.reporters.JUnitXMLReporter -->
<testsuite hostname="EPINHYDW1503" ignored="0" name="test1" tests="2" failures="1" timestamp="2019-11-26T14:41:24 IST" time="27.556" errors="0">
  <testcase name="feature" time="17.927" classname="testrunner.Runner"/>
  <testcase name="feature" time="27.213" classname="testrunner.Runner">
    <failure type="cucumber.runtime.CucumberException" message="java.lang.NullPointerException">
      <![CDATA[cucumber.runtime.CucumberException: java.lang.NullPointerException
at cucumber.api.testng.TestNGCucumberRunner.runCucumber(TestNGCucumberRunner.java:69)
at testrunner.Runner.feature(Runner.java:31)
at java.util.concurrent.FutureTask.run(Unknown Source)
at java.util.concurrent.Executors$RunnableAdapter.call(Unknown Source)
at java.util.concurrent.FutureTask.run(Unknown Source)
at java.util.concurrent.ThreadPoolExecutor.runWorker(Unknown Source)
at java.util.concurrent.ThreadPoolExecutor$Worker.run(Unknown Source)
at java.lang.Thread.run(Unknown Source)
Caused by: java.lang.NullPointerException
at step_definations.FlightPageStepDefination.verify_url_of_flight_page(FlightPageStepDefination.java:82)
at ✽.When verify url of flight page(flightPage.feature:11)
... Removed 9 stack frames]]>
    </failure>
  </testcase> <!-- feature -->
</testsuite> <!-- test1 -->
