<?xml version="1.0" encoding="UTF-8"?>
<!-- Generated by org.testng.reporters.JUnitXMLReporter -->
<testsuite hostname="EPINHYDW1503" ignored="5" name="Default test" tests="1" failures="0" timestamp="2019-11-13T18:10:49 IST" time="11.033" errors="0">
  <testcase name="testChallengingDom" time="5.361" classname="com.epam.SeleniumTask2.AutomateLinks"/>
  <testcase name="testDropdown" time="0.0" classname="com.epam.SeleniumTask2.AutomateLinks">
    <ignored/>
  </testcase> <!-- testDropdown -->
  <testcase name="testStatusCodes" time="0.0" classname="com.epam.SeleniumTask2.AutomateLinks">
    <ignored/>
  </testcase> <!-- testStatusCodes -->
  <testcase name="addRemoveElements" time="0.0" classname="com.epam.SeleniumTask2.AutomateLinks">
    <ignored/>
  </testcase> <!-- addRemoveElements -->
  <testcase name="checkBoxes" time="0.0" classname="com.epam.SeleniumTask2.AutomateLinks">
    <ignored/>
  </testcase> <!-- checkBoxes -->
  <testcase name="testInputs" time="0.0" classname="com.epam.SeleniumTask2.AutomateLinks">
    <ignored/>
  </testcase> <!-- testInputs -->
</testsuite> <!-- Default test -->
