<?xml version="1.0" encoding="UTF-8"?>
<testng-results skipped="0" failed="0" ignored="0" total="1" passed="1">
  <reporter-output>
  </reporter-output>
  <suite name="Default suite" duration-ms="21499" started-at="2019-11-22T15:34:58 IST" finished-at="2019-11-22T15:35:19 IST">
    <groups>
      <group name="cucumber">
        <method signature="Runner.feature(cucumber.api.testng.CucumberFeatureWrapper)[pri:0, instance:testrunner.Runner@7ce6a65d]" name="feature" class="testrunner.Runner"/>
      </group> <!-- cucumber -->
    </groups>
    <test name="Default test" duration-ms="21499" started-at="2019-11-22T15:34:58 IST" finished-at="2019-11-22T15:35:19 IST">
      <class name="testrunner.Runner">
        <test-method status="PASS" signature="setUpClass()[pri:0, instance:testrunner.Runner@7ce6a65d]" name="setUpClass" is-config="true" duration-ms="205" started-at="2019-11-22T15:34:58 IST" finished-at="2019-11-22T15:34:58 IST">
          <reporter-output>
          </reporter-output>
        </test-method> <!-- setUpClass -->
        <test-method status="PASS" signature="feature(cucumber.api.testng.CucumberFeatureWrapper)[pri:0, instance:testrunner.Runner@7ce6a65d]" name="feature" duration-ms="21182" started-at="2019-11-22T15:34:58 IST" description="Runs Cucumber Feature" data-provider="features" finished-at="2019-11-22T15:35:19 IST">
          <params>
            <param index="0">
              <value>
                <![CDATA[MMT home page feature]]>
              </value>
            </param>
          </params>
          <reporter-output>
          </reporter-output>
        </test-method> <!-- feature -->
        <test-method status="PASS" signature="tearDownClass()[pri:0, instance:testrunner.Runner@7ce6a65d]" name="tearDownClass" is-config="true" duration-ms="11" started-at="2019-11-22T15:35:19 IST" finished-at="2019-11-22T15:35:19 IST">
          <reporter-output>
          </reporter-output>
        </test-method> <!-- tearDownClass -->
      </class> <!-- testrunner.Runner -->
    </test> <!-- Default test -->
  </suite> <!-- Default suite -->
</testng-results>
