<?xml version="1.0" encoding="UTF-8"?>
<testng-results skipped="0" failed="0" total="1" passed="1">
  <reporter-output>
  </reporter-output>
  <suite name="Default suite" duration-ms="24700" started-at="2019-11-14T14:14:20Z" finished-at="2019-11-14T14:14:44Z">
    <groups>
    </groups>
    <test name="Default test" duration-ms="24700" started-at="2019-11-14T14:14:20Z" finished-at="2019-11-14T14:14:44Z">
      <class name="com.epam.Tasks.AutomateLinks">
        <test-method status="PASS" signature="initialize()[pri:0, instance:com.epam.Tasks.AutomateLinks@29774679]" name="initialize" is-config="true" duration-ms="6637" started-at="2019-11-14T19:44:20Z" finished-at="2019-11-14T19:44:26Z">
          <reporter-output>
          </reporter-output>
        </test-method> <!-- initialize -->
        <test-method status="PASS" signature="testNotification()[pri:0, instance:com.epam.Tasks.AutomateLinks@29774679]" name="testNotification" duration-ms="18034" started-at="2019-11-14T19:44:26Z" finished-at="2019-11-14T19:44:44Z">
          <reporter-output>
          </reporter-output>
        </test-method> <!-- testNotification -->
      </class> <!-- com.epam.Tasks.AutomateLinks -->
    </test> <!-- Default test -->
  </suite> <!-- Default suite -->
</testng-results>
