<?xml version="1.0" encoding="UTF-8"?>
<testng-results skipped="0" failed="0" ignored="2" total="3" passed="1">
  <reporter-output>
  </reporter-output>
  <suite name="Default suite" duration-ms="19451" started-at="2019-11-18T16:53:49 IST" finished-at="2019-11-18T16:54:08 IST">
    <groups>
    </groups>
    <test name="Default test" duration-ms="19451" started-at="2019-11-18T16:53:49 IST" finished-at="2019-11-18T16:54:08 IST">
      <class name="mmtBooking.VerifyFlightBooking">
        <test-method status="PASS" signature="init()[pri:0, instance:mmtBooking.VerifyFlightBooking@131276c2]" name="init" is-config="true" duration-ms="9835" started-at="2019-11-18T16:53:49 IST" finished-at="2019-11-18T16:53:58 IST">
          <reporter-output>
          </reporter-output>
        </test-method> <!-- init -->
        <test-method status="PASS" signature="verifyFlightBookingThroughDeals()[pri:0, instance:mmtBooking.VerifyFlightBooking@131276c2]" name="verifyFlightBookingThroughDeals" duration-ms="7998" started-at="2019-11-18T16:53:58 IST" finished-at="2019-11-18T16:54:06 IST">
          <reporter-output>
          </reporter-output>
        </test-method> <!-- verifyFlightBookingThroughDeals -->
        <test-method status="PASS" signature="screenshot()[pri:0, instance:mmtBooking.VerifyFlightBooking@131276c2]" name="screenshot" is-config="true" duration-ms="1586" started-at="2019-11-18T16:54:06 IST" finished-at="2019-11-18T16:54:08 IST">
          <reporter-output>
          </reporter-output>
        </test-method> <!-- screenshot -->
      </class> <!-- mmtBooking.VerifyFlightBooking -->
    </test> <!-- Default test -->
  </suite> <!-- Default suite -->
</testng-results>
