<?xml version="1.0" encoding="UTF-8"?>
<!-- Generated by org.testng.reporters.JUnitXMLReporter -->
<testsuite hostname="EPINHYDW1503" ignored="3" name="Default test" tests="1" failures="0" timestamp="2019-11-22T15:54:43 IST" time="20.307" errors="0">
  <testcase name="verifyMoreOptions" time="10.293" classname="mmtBooking.VerifyHomePage"/>
  <testcase name="verifyNavigationLinks" time="0.0" classname="mmtBooking.VerifyHomePage">
    <ignored/>
  </testcase> <!-- verifyNavigationLinks -->
  <testcase name="verifyBrokenLinks" time="0.0" classname="mmtBooking.VerifyHomePage">
    <ignored/>
  </testcase> <!-- verifyBrokenLinks -->
  <testcase name="performMouseHower" time="0.0" classname="mmtBooking.VerifyHomePage">
    <ignored/>
  </testcase> <!-- performMouseHower -->
</testsuite> <!-- Default test -->
