<?xml version="1.0" encoding="UTF-8"?>
<!-- Generated by org.testng.reporters.JUnitXMLReporter -->
<testsuite hostname="EPINHYDW1503" ignored="3" name="Default test" tests="1" failures="0" timestamp="2019-11-15T17:08:52 IST" time="16.748" errors="0">
  <testcase name="verifyMoreOptions" time="10.943" classname="com.epam.MakeMyTripAutomation.VerifyHomePage"/>
  <testcase name="verifyNavigationBar" time="0.0" classname="com.epam.MakeMyTripAutomation.VerifyHomePage">
    <ignored/>
  </testcase> <!-- verifyNavigationBar -->
  <testcase name="verifyMouseHower" time="0.0" classname="com.epam.MakeMyTripAutomation.VerifyHomePage">
    <ignored/>
  </testcase> <!-- verifyMouseHower -->
  <testcase name="verifyBrokenLinks" time="0.0" classname="com.epam.MakeMyTripAutomation.VerifyHomePage">
    <ignored/>
  </testcase> <!-- verifyBrokenLinks -->
</testsuite> <!-- Default test -->
